<?xml version="1.0" encoding="UTF-8"?>
<robot generator="Robot 3.1.2 (Python 3.7.6 on win32)" generated="20210322 10:33:31.401" rpa="false">
<suite id="s1" name="CMC Test" source="E:\Free\CMC_Test">
<suite id="s1-s1" name="Testcases" source="E:\Free\CMC_Test\testcases">
<suite id="s1-s1-s1" name="Search" source="E:\Free\CMC_Test\testcases\search.robot">
<test id="s1-s1-s1-t1" name="TC01">
<kw name="Before test" library="Utils" type="setup">
<kw name="Open Browser" library="Selenium2Library">
<doc>Opens a new browser instance to the optional ``url``.</doc>
<arguments>
<arg>${BASE_URL}</arg>
<arg>${BROWSER}</arg>
</arguments>
<msg timestamp="20210322 10:33:31.614" level="INFO">Opening browser 'chrome' to base url 'https://www.powerbuy.co.th/en'.</msg>
<status status="PASS" starttime="20210322 10:33:31.613" endtime="20210322 10:33:36.635"></status>
</kw>
<kw name="Wait Until Element Is Visible" library="Selenium2Library">
<doc>Waits until the element ``locator`` is visible.</doc>
<arguments>
<arg>${iframe_ad}</arg>
<arg>25</arg>
</arguments>
<status status="PASS" starttime="20210322 10:33:36.636" endtime="20210322 10:33:41.496"></status>
</kw>
<kw name="Select Frame" library="Selenium2Library">
<doc>Sets frame identified by ``locator`` as the current frame.</doc>
<arguments>
<arg>${iframe_ad}</arg>
</arguments>
<msg timestamp="20210322 10:33:41.497" level="INFO">Selecting frame '//iframe[contains(@classname,'sp-fancybox-iframe')]'.</msg>
<status status="PASS" starttime="20210322 10:33:41.496" endtime="20210322 10:33:41.527"></status>
</kw>
<kw name="Wait Until Element Is Visible" library="Selenium2Library">
<doc>Waits until the element ``locator`` is visible.</doc>
<arguments>
<arg>${icon_close_ad}</arg>
<arg>25</arg>
</arguments>
<status status="PASS" starttime="20210322 10:33:41.527" endtime="20210322 10:33:41.550"></status>
</kw>
<kw name="Click Element" library="Selenium2Library">
<doc>Click the element identified by ``locator``.</doc>
<arguments>
<arg>${icon_close_ad}</arg>
</arguments>
<msg timestamp="20210322 10:33:41.551" level="INFO">Clicking element '//i[@class='fa fa-times element-close-button']'.</msg>
<status status="PASS" starttime="20210322 10:33:41.550" endtime="20210322 10:33:41.666"></status>
</kw>
<kw name="Wait Until Element Is Visible" library="Selenium2Library">
<doc>Waits until the element ``locator`` is visible.</doc>
<arguments>
<arg>${input_search}</arg>
<arg>10</arg>
</arguments>
<status status="PASS" starttime="20210322 10:33:41.667" endtime="20210322 10:33:41.725"></status>
</kw>
<status status="PASS" starttime="20210322 10:33:31.613" endtime="20210322 10:33:41.726"></status>
</kw>
<kw name="Wait Until Element Is Visible" library="Selenium2Library">
<doc>Waits until the element ``locator`` is visible.</doc>
<arguments>
<arg>${input_search}</arg>
<arg>${TIME_OUT}</arg>
</arguments>
<status status="PASS" starttime="20210322 10:33:41.726" endtime="20210322 10:33:41.768"></status>
</kw>
<kw name="Input Text" library="Selenium2Library">
<doc>Types the given ``text`` into the text field identified by ``locator``.</doc>
<arguments>
<arg>${input_search}</arg>
<arg>${keyword_test}</arg>
</arguments>
<msg timestamp="20210322 10:33:41.769" level="INFO">Typing text 'TV' into text field '//input[@id='txt-searchBox-input']'.</msg>
<status status="PASS" starttime="20210322 10:33:41.769" endtime="20210322 10:33:41.972"></status>
</kw>
<kw name="Sleep" library="BuiltIn">
<doc>Pauses the test executed for the given time.</doc>
<arguments>
<arg>5s</arg>
</arguments>
<msg timestamp="20210322 10:33:46.975" level="INFO">Slept 5 seconds</msg>
<status status="PASS" starttime="20210322 10:33:41.972" endtime="20210322 10:33:46.975"></status>
</kw>
<kw name="Input Text" library="Selenium2Library">
<doc>Types the given ``text`` into the text field identified by ``locator``.</doc>
<arguments>
<arg>${input_search}</arg>
<arg>${SPACE}</arg>
</arguments>
<msg timestamp="20210322 10:33:46.976" level="INFO">Typing text ' ' into text field '//input[@id='txt-searchBox-input']'.</msg>
<status status="PASS" starttime="20210322 10:33:46.976" endtime="20210322 10:33:49.246"></status>
</kw>
<kw name="Wait Until Element Is Visible" library="Selenium2Library">
<doc>Waits until the element ``locator`` is visible.</doc>
<arguments>
<arg>${span_sugguest_keyword}</arg>
<arg>${TIME_OUT}</arg>
</arguments>
<kw name="Capture Page Screenshot" library="Selenium2Library">
<doc>Takes a screenshot of the current page and embeds it into a log file.</doc>
<msg timestamp="20210322 10:34:09.942" level="INFO" html="yes">&lt;/td&gt;&lt;/tr&gt;&lt;tr&gt;&lt;td colspan="3"&gt;&lt;a href="selenium-screenshot-36.png"&gt;&lt;img src="selenium-screenshot-36.png" width="800px"&gt;&lt;/a&gt;</msg>
<status status="PASS" starttime="20210322 10:34:09.324" endtime="20210322 10:34:09.942"></status>
</kw>
<msg timestamp="20210322 10:34:09.943" level="FAIL">Element '//div[contains(@class,'suggestion_container')]/div[contains(@id,'txt-searchBox')]//span' not visible after 20 seconds.</msg>
<status status="FAIL" starttime="20210322 10:33:49.246" endtime="20210322 10:34:09.944"></status>
</kw>
<kw name="After test" library="Utils" type="teardown">
<kw name="Close All Browsers" library="Selenium2Library">
<doc>Closes all open browsers and resets the browser cache.</doc>
<status status="PASS" starttime="20210322 10:34:09.944" endtime="20210322 10:34:12.196"></status>
</kw>
<status status="PASS" starttime="20210322 10:34:09.944" endtime="20210322 10:34:12.196"></status>
</kw>
<doc>Check search suggestion</doc>
<status status="FAIL" starttime="20210322 10:33:31.612" endtime="20210322 10:34:12.196" critical="yes">Element '//div[contains(@class,'suggestion_container')]/div[contains(@id,'txt-searchBox')]//span' not visible after 20 seconds.</status>
</test>
<test id="s1-s1-s1-t2" name="TC02">
<kw name="Before test" library="Utils" type="setup">
<kw name="Open Browser" library="Selenium2Library">
<doc>Opens a new browser instance to the optional ``url``.</doc>
<arguments>
<arg>${BASE_URL}</arg>
<arg>${BROWSER}</arg>
</arguments>
<msg timestamp="20210322 10:34:12.197" level="INFO">Opening browser 'chrome' to base url 'https://www.powerbuy.co.th/en'.</msg>
<status status="PASS" starttime="20210322 10:34:12.197" endtime="20210322 10:34:20.767"></status>
</kw>
<kw name="Wait Until Element Is Visible" library="Selenium2Library">
<doc>Waits until the element ``locator`` is visible.</doc>
<arguments>
<arg>${iframe_ad}</arg>
<arg>25</arg>
</arguments>
<status status="PASS" starttime="20210322 10:34:20.767" endtime="20210322 10:34:22.669"></status>
</kw>
<kw name="Select Frame" library="Selenium2Library">
<doc>Sets frame identified by ``locator`` as the current frame.</doc>
<arguments>
<arg>${iframe_ad}</arg>
</arguments>
<msg timestamp="20210322 10:34:22.670" level="INFO">Selecting frame '//iframe[contains(@classname,'sp-fancybox-iframe')]'.</msg>
<status status="PASS" starttime="20210322 10:34:22.670" endtime="20210322 10:34:22.705"></status>
</kw>
<kw name="Wait Until Element Is Visible" library="Selenium2Library">
<doc>Waits until the element ``locator`` is visible.</doc>
<arguments>
<arg>${icon_close_ad}</arg>
<arg>25</arg>
</arguments>
<status status="PASS" starttime="20210322 10:34:22.705" endtime="20210322 10:34:22.736"></status>
</kw>
<kw name="Click Element" library="Selenium2Library">
<doc>Click the element identified by ``locator``.</doc>
<arguments>
<arg>${icon_close_ad}</arg>
</arguments>
<msg timestamp="20210322 10:34:22.737" level="INFO">Clicking element '//i[@class='fa fa-times element-close-button']'.</msg>
<status status="PASS" starttime="20210322 10:34:22.737" endtime="20210322 10:34:22.828"></status>
</kw>
<kw name="Wait Until Element Is Visible" library="Selenium2Library">
<doc>Waits until the element ``locator`` is visible.</doc>
<arguments>
<arg>${input_search}</arg>
<arg>10</arg>
</arguments>
<status status="PASS" starttime="20210322 10:34:22.829" endtime="20210322 10:34:22.909"></status>
</kw>
<status status="PASS" starttime="20210322 10:34:12.197" endtime="20210322 10:34:22.909"></status>
</kw>
<kw name="Wait Until Element Is Visible" library="Selenium2Library">
<doc>Waits until the element ``locator`` is visible.</doc>
<arguments>
<arg>${input_search}</arg>
<arg>${TIME_OUT}</arg>
</arguments>
<status status="PASS" starttime="20210322 10:34:22.909" endtime="20210322 10:34:22.934"></status>
</kw>
<kw name="Input Text" library="Selenium2Library">
<doc>Types the given ``text`` into the text field identified by ``locator``.</doc>
<arguments>
<arg>${input_search}</arg>
<arg>${keyword_test}</arg>
</arguments>
<msg timestamp="20210322 10:34:22.935" level="INFO">Typing text 'TV' into text field '//input[@id='txt-searchBox-input']'.</msg>
<status status="PASS" starttime="20210322 10:34:22.935" endtime="20210322 10:34:23.140"></status>
</kw>
<kw name="Click Button" library="Selenium2Library">
<doc>Clicks the button identified by ``locator``.</doc>
<arguments>
<arg>${button_search}</arg>
</arguments>
<msg timestamp="20210322 10:34:23.142" level="INFO">Clicking button '//button[@id='btn-searchBox-input']'.</msg>
<status status="PASS" starttime="20210322 10:34:23.141" endtime="20210322 10:34:23.701"></status>
</kw>
<kw name="Wait Until Element Is Visible" library="Selenium2Library">
<doc>Waits until the element ``locator`` is visible.</doc>
<arguments>
<arg>${link_item}</arg>
<arg>${TIME_OUT}</arg>
</arguments>
<status status="PASS" starttime="20210322 10:34:23.702" endtime="20210322 10:34:28.279"></status>
</kw>
<kw name="Execute Javascript" library="Selenium2Library">
<doc>Executes the given JavaScript code with possible arguments.</doc>
<arguments>
<arg>history.back()</arg>
</arguments>
<msg timestamp="20210322 10:34:28.280" level="INFO">Executing JavaScript:
history.back()
Without any arguments.</msg>
<status status="PASS" starttime="20210322 10:34:28.280" endtime="20210322 10:34:29.932"></status>
</kw>
<kw name="After test" library="Utils" type="teardown">
<kw name="Close All Browsers" library="Selenium2Library">
<doc>Closes all open browsers and resets the browser cache.</doc>
<status status="PASS" starttime="20210322 10:34:29.933" endtime="20210322 10:34:32.218"></status>
</kw>
<status status="PASS" starttime="20210322 10:34:29.933" endtime="20210322 10:34:32.218"></status>
</kw>
<doc>Check when click search button</doc>
<status status="PASS" starttime="20210322 10:34:12.196" endtime="20210322 10:34:32.218" critical="yes"></status>
</test>
<test id="s1-s1-s1-t3" name="TC03">
<kw name="Before test" library="Utils" type="setup">
<kw name="Open Browser" library="Selenium2Library">
<doc>Opens a new browser instance to the optional ``url``.</doc>
<arguments>
<arg>${BASE_URL}</arg>
<arg>${BROWSER}</arg>
</arguments>
<msg timestamp="20210322 10:34:32.220" level="INFO">Opening browser 'chrome' to base url 'https://www.powerbuy.co.th/en'.</msg>
<status status="PASS" starttime="20210322 10:34:32.220" endtime="20210322 10:34:39.904"></status>
</kw>
<kw name="Wait Until Element Is Visible" library="Selenium2Library">
<doc>Waits until the element ``locator`` is visible.</doc>
<arguments>
<arg>${iframe_ad}</arg>
<arg>25</arg>
</arguments>
<status status="PASS" starttime="20210322 10:34:39.905" endtime="20210322 10:34:42.313"></status>
</kw>
<kw name="Select Frame" library="Selenium2Library">
<doc>Sets frame identified by ``locator`` as the current frame.</doc>
<arguments>
<arg>${iframe_ad}</arg>
</arguments>
<msg timestamp="20210322 10:34:42.314" level="INFO">Selecting frame '//iframe[contains(@classname,'sp-fancybox-iframe')]'.</msg>
<status status="PASS" starttime="20210322 10:34:42.313" endtime="20210322 10:34:42.346"></status>
</kw>
<kw name="Wait Until Element Is Visible" library="Selenium2Library">
<doc>Waits until the element ``locator`` is visible.</doc>
<arguments>
<arg>${icon_close_ad}</arg>
<arg>25</arg>
</arguments>
<status status="PASS" starttime="20210322 10:34:42.347" endtime="20210322 10:34:42.373"></status>
</kw>
<kw name="Click Element" library="Selenium2Library">
<doc>Click the element identified by ``locator``.</doc>
<arguments>
<arg>${icon_close_ad}</arg>
</arguments>
<msg timestamp="20210322 10:34:42.373" level="INFO">Clicking element '//i[@class='fa fa-times element-close-button']'.</msg>
<status status="PASS" starttime="20210322 10:34:42.373" endtime="20210322 10:34:42.454"></status>
</kw>
<kw name="Wait Until Element Is Visible" library="Selenium2Library">
<doc>Waits until the element ``locator`` is visible.</doc>
<arguments>
<arg>${input_search}</arg>
<arg>10</arg>
</arguments>
<status status="PASS" starttime="20210322 10:34:42.455" endtime="20210322 10:34:42.526"></status>
</kw>
<status status="PASS" starttime="20210322 10:34:32.219" endtime="20210322 10:34:42.526"></status>
</kw>
<kw name="Wait Until Element Is Visible" library="Selenium2Library">
<doc>Waits until the element ``locator`` is visible.</doc>
<arguments>
<arg>${input_search}</arg>
<arg>${TIME_OUT}</arg>
</arguments>
<status status="PASS" starttime="20210322 10:34:42.526" endtime="20210322 10:34:42.544"></status>
</kw>
<kw name="Input Text" library="Selenium2Library">
<doc>Types the given ``text`` into the text field identified by ``locator``.</doc>
<arguments>
<arg>${input_search}</arg>
<arg>${keyword_test}</arg>
</arguments>
<msg timestamp="20210322 10:34:42.545" level="INFO">Typing text 'TV' into text field '//input[@id='txt-searchBox-input']'.</msg>
<status status="PASS" starttime="20210322 10:34:42.545" endtime="20210322 10:34:42.724"></status>
</kw>
<kw name="Press Key" library="Selenium2Library">
<doc>*DEPRECATED in Selenium2Library 4.0.* use `Press Keys` instead.</doc>
<arguments>
<arg>${input_search}</arg>
<arg>${ENTER}</arg>
</arguments>
<msg timestamp="20210322 10:34:42.725" level="WARN">Keyword 'Selenium2Library.Press Key' is deprecated. use `Press Keys` instead.</msg>
<status status="PASS" starttime="20210322 10:34:42.725" endtime="20210322 10:34:43.182"></status>
</kw>
<kw name="Wait Until Element Is Visible" library="Selenium2Library">
<doc>Waits until the element ``locator`` is visible.</doc>
<arguments>
<arg>${link_item}</arg>
<arg>${TIME_OUT}</arg>
</arguments>
<status status="PASS" starttime="20210322 10:34:43.182" endtime="20210322 10:34:47.559"></status>
</kw>
<kw name="After test" library="Utils" type="teardown">
<kw name="Close All Browsers" library="Selenium2Library">
<doc>Closes all open browsers and resets the browser cache.</doc>
<status status="PASS" starttime="20210322 10:34:47.560" endtime="20210322 10:34:51.174"></status>
</kw>
<status status="PASS" starttime="20210322 10:34:47.559" endtime="20210322 10:34:51.174"></status>
</kw>
<doc>Check when press ENTER</doc>
<status status="PASS" starttime="20210322 10:34:32.219" endtime="20210322 10:34:51.175" critical="yes"></status>
</test>
<status status="FAIL" starttime="20210322 10:33:31.451" endtime="20210322 10:34:51.175"></status>
</suite>
<status status="FAIL" starttime="20210322 10:33:31.449" endtime="20210322 10:34:51.178"></status>
</suite>
<status status="FAIL" starttime="20210322 10:33:31.426" endtime="20210322 10:34:51.180"></status>
</suite>
<statistics>
<total>
<stat pass="2" fail="1">Critical Tests</stat>
<stat pass="2" fail="1">All Tests</stat>
</total>
<tag>
</tag>
<suite>
<stat pass="2" fail="1" id="s1" name="CMC Test">CMC Test</stat>
<stat pass="2" fail="1" id="s1-s1" name="Testcases">CMC Test.Testcases</stat>
<stat pass="2" fail="1" id="s1-s1-s1" name="Search">CMC Test.Testcases.Search</stat>
</suite>
</statistics>
<errors>
<msg timestamp="20210322 10:33:31.611" level="ERROR">Error in file 'E:\Free\CMC_Test\testcases\Utils.robot': Resource file '..\home_page\home_page.robots' does not exist.</msg>
<msg timestamp="20210322 10:34:42.725" level="WARN">Keyword 'Selenium2Library.Press Key' is deprecated. use `Press Keys` instead.</msg>
</errors>
</robot>
